<?xml version="1.0" encoding="UTF-8"?>
<testng-results ignored="0" total="1" passed="1" failed="0" skipped="0">
  <reporter-output>
    <line>
      <![CDATA[Report generation]]>
    </line>
    <line>
      <![CDATA[script3]]>
    </line>
    <line>
      <![CDATA[Test Script Excution Stared]]>
    </line>
    <line>
      <![CDATA[Test Script Passed]]>
    </line>
    <line>
      <![CDATA[Report]]>
    </line>
  </reporter-output>
  <suite started-at="2024-07-13T15:52:21 IST" name="Default suite" finished-at="2024-07-13T15:53:15 IST" duration-ms="53823">
    <groups>
    </groups>
    <test started-at="2024-07-13T15:52:21 IST" name="Default test" finished-at="2024-07-13T15:53:15 IST" duration-ms="53823">
      <class name="scripts_vtiger.Script_3">
        <test-method is-config="true" signature="beforeSuite()[pri:0, instance:scripts_vtiger.Script_3@72d1ad2e]" started-at="2024-07-13T15:52:21 IST" name="beforeSuite" finished-at="2024-07-13T15:52:21 IST" duration-ms="596" status="PASS">
          <reporter-output>
            <line>
              <![CDATA[Report generation]]>
            </line>
          </reporter-output>
        </test-method> <!-- beforeSuite -->
        <test-method is-config="true" signature="beforeClass(java.lang.String)[pri:0, instance:scripts_vtiger.Script_3@72d1ad2e]" started-at="2024-07-13T15:52:21 IST" name="beforeClass" finished-at="2024-07-13T15:52:30 IST" duration-ms="8815" status="PASS">
          <params>
            <param index="0">
              <value>
                <![CDATA[chrome]]>
              </value>
            </param>
          </params>
          <reporter-output>
          </reporter-output>
        </test-method> <!-- beforeClass -->
        <test-method is-config="true" signature="beforeMethod(java.lang.reflect.Method)[pri:0, instance:scripts_vtiger.Script_3@72d1ad2e]" started-at="2024-07-13T15:52:30 IST" name="beforeMethod" finished-at="2024-07-13T15:52:41 IST" duration-ms="10847" status="PASS">
          <params>
            <param index="0">
              <value>
                <![CDATA[public void scripts_vtiger.Script_3.script3() throws org.apache.poi.EncryptedDocumentException,java.io.IOException]]>
              </value>
            </param>
          </params>
          <reporter-output>
            <line>
              <![CDATA[script3]]>
            </line>
          </reporter-output>
        </test-method> <!-- beforeMethod -->
        <test-method signature="script3()[pri:0, instance:scripts_vtiger.Script_3@72d1ad2e]" started-at="2024-07-13T15:52:41 IST" name="script3" finished-at="2024-07-13T15:53:10 IST" duration-ms="28878" status="PASS">
          <reporter-output>
            <line>
              <![CDATA[Test Script Excution Stared]]>
            </line>
            <line>
              <![CDATA[Test Script Passed]]>
            </line>
          </reporter-output>
        </test-method> <!-- script3 -->
        <test-method is-config="true" signature="afterMethod()[pri:0, instance:scripts_vtiger.Script_3@72d1ad2e]" started-at="2024-07-13T15:53:10 IST" name="afterMethod" finished-at="2024-07-13T15:53:15 IST" duration-ms="4970" status="PASS">
          <reporter-output>
          </reporter-output>
        </test-method> <!-- afterMethod -->
        <test-method is-config="true" signature="afterClass()[pri:0, instance:scripts_vtiger.Script_3@72d1ad2e]" started-at="2024-07-13T15:53:15 IST" name="afterClass" finished-at="2024-07-13T15:53:15 IST" duration-ms="259" status="PASS">
          <reporter-output>
          </reporter-output>
        </test-method> <!-- afterClass -->
        <test-method is-config="true" signature="afterSuite()[pri:0, instance:scripts_vtiger.Script_3@72d1ad2e]" started-at="2024-07-13T15:53:15 IST" name="afterSuite" finished-at="2024-07-13T15:53:16 IST" duration-ms="608" status="PASS">
          <reporter-output>
            <line>
              <![CDATA[Report]]>
            </line>
          </reporter-output>
        </test-method> <!-- afterSuite -->
      </class> <!-- scripts_vtiger.Script_3 -->
    </test> <!-- Default test -->
  </suite> <!-- Default suite -->
</testng-results>
